0 verbose cli C:\Program Files\nodejs\node.exe C:\Program Files\nodejs\node_modules\npm\bin\npm-cli.js
1 info using npm@11.12.1
2 info using node@v24.15.0
3 silly config load:file:C:\Program Files\nodejs\node_modules\npm\npmrc
4 silly config load:file:C:\Users\aayus\OneDrive\Documents\Dispatch\frontend-react\.npmrc
5 silly config load:file:C:\Users\aayus\.npmrc
6 silly config load:file:C:\Users\aayus\AppData\Roaming\npm\etc\npmrc
7 verbose title npm install
8 verbose argv "install" "--cache" ".npm-cache"
9 verbose logfile logs-max:10 dir:C:\Users\aayus\OneDrive\Documents\Dispatch\frontend-react\.npm-cache\_logs\2026-07-14T05_54_04_175Z-
10 verbose logfile C:\Users\aayus\OneDrive\Documents\Dispatch\frontend-react\.npm-cache\_logs\2026-07-14T05_54_04_175Z-debug-0.log
11 silly logfile done cleaning log files
12 silly packumentCache heap:4496293888 maxSize:1124073472 maxEntrySize:562036736
13 silly idealTree buildDeps
14 silly reify moves {}
15 silly audit bulk request {
15 silly audit   '@emnapi/core': [ '1.11.1' ],
15 silly audit   '@emnapi/runtime': [ '1.11.1' ],
15 silly audit   '@emnapi/wasi-threads': [ '1.2.2' ],
15 silly audit   '@mapbox/jsonlint-lines-primitives': [ '2.0.3' ],
15 silly audit   '@mapbox/point-geometry': [ '1.1.0' ],
15 silly audit   '@mapbox/tiny-sdf': [ '2.2.0' ],
15 silly audit   '@mapbox/unitbezier': [ '0.0.1', '1.0.0' ],
15 silly audit   '@mapbox/vector-tile': [ '2.0.5' ],
15 silly audit   '@mapbox/whoots-js': [ '3.1.0' ],
15 silly audit   '@maplibre/geojson-vt': [ '6.1.1' ],
15 silly audit   '@maplibre/maplibre-gl-style-spec': [ '24.10.0' ],
15 silly audit   '@maplibre/mlt': [ '1.1.12' ],
15 silly audit   '@maplibre/vt-pbf': [ '4.3.2' ],
15 silly audit   pbf: [ '5.1.2', '4.0.2' ],
15 silly audit   '@napi-rs/wasm-runtime': [ '1.1.6' ],
15 silly audit   '@oxc-project/types': [ '0.139.0' ],
15 silly audit   '@reduxjs/toolkit': [ '2.12.0' ],
15 silly audit   '@rolldown/binding-android-arm64': [ '1.1.5' ],
15 silly audit   '@rolldown/binding-darwin-arm64': [ '1.1.5' ],
15 silly audit   '@rolldown/binding-darwin-x64': [ '1.1.5' ],
15 silly audit   '@rolldown/binding-freebsd-x64': [ '1.1.5' ],
15 silly audit   '@rolldown/binding-linux-arm-gnueabihf': [ '1.1.5' ],
15 silly audit   '@rolldown/binding-linux-arm64-gnu': [ '1.1.5' ],
15 silly audit   '@rolldown/binding-linux-arm64-musl': [ '1.1.5' ],
15 silly audit   '@rolldown/binding-linux-ppc64-gnu': [ '1.1.5' ],
15 silly audit   '@rolldown/binding-linux-s390x-gnu': [ '1.1.5' ],
15 silly audit   '@rolldown/binding-linux-x64-gnu': [ '1.1.5' ],
15 silly audit   '@rolldown/binding-linux-x64-musl': [ '1.1.5' ],
15 silly audit   '@rolldown/binding-openharmony-arm64': [ '1.1.5' ],
15 silly audit   '@rolldown/binding-wasm32-wasi': [ '1.1.5' ],
15 silly audit   '@rolldown/binding-win32-arm64-msvc': [ '1.1.5' ],
15 silly audit   '@rolldown/binding-win32-x64-msvc': [ '1.1.5' ],
15 silly audit   '@rolldown/pluginutils': [ '1.0.1' ],
15 silly audit   '@standard-schema/spec': [ '1.1.0' ],
15 silly audit   '@standard-schema/utils': [ '0.3.0' ],
15 silly audit   '@tybys/wasm-util': [ '0.10.3' ],
15 silly audit   '@types/d3-array': [ '3.2.2' ],
15 silly audit   '@types/d3-color': [ '3.1.3' ],
15 silly audit   '@types/d3-ease': [ '3.0.2' ],
15 silly audit   '@types/d3-interpolate': [ '3.0.4' ],
15 silly audit   '@types/d3-path': [ '3.1.1' ],
15 silly audit   '@types/d3-scale': [ '4.0.9' ],
15 silly audit   '@types/d3-shape': [ '3.1.8' ],
15 silly audit   '@types/d3-time': [ '3.0.4' ],
15 silly audit   '@types/d3-timer': [ '3.0.2' ],
15 silly audit   '@types/geojson': [ '7946.0.16' ],
15 silly audit   '@types/use-sync-external-store': [ '0.0.6' ],
15 silly audit   '@vitejs/plugin-react': [ '6.0.3' ],
15 silly audit   clsx: [ '2.1.1' ],
15 silly audit   'd3-array': [ '3.2.4' ],
15 silly audit   'd3-color': [ '3.1.0' ],
15 silly audit   'd3-ease': [ '3.0.1' ],
15 silly audit   'd3-format': [ '3.1.2' ],
15 silly audit   'd3-interpolate': [ '3.0.1' ],
15 silly audit   'd3-path': [ '3.1.0' ],
15 silly audit   'd3-scale': [ '4.0.2' ],
15 silly audit   'd3-shape': [ '3.2.0' ],
15 silly audit   'd3-time': [ '3.1.0' ],
15 silly audit   'd3-time-format': [ '4.1.0' ],
15 silly audit   'd3-timer': [ '3.0.1' ],
15 silly audit   'decimal.js-light': [ '2.5.1' ],
15 silly audit   'detect-libc': [ '2.1.2' ],
15 silly audit   earcut: [ '3.2.3' ],
15 silly audit   'es-toolkit': [ '1.49.0' ],
15 silly audit   eventemitter3: [ '5.0.4' ],
15 silly audit   fdir: [ '6.5.0' ],
15 silly audit   fsevents: [ '2.3.3' ],
15 silly audit   'gl-matrix': [ '3.4.4' ],
15 silly audit   immer: [ '11.1.11' ],
15 silly audit   internmap: [ '2.0.3' ],
15 silly audit   'json-stringify-pretty-compact': [ '4.0.0' ],
15 silly audit   kdbush: [ '4.1.0' ],
15 silly audit   lightningcss: [ '1.32.0' ],
15 silly audit   'lightningcss-android-arm64': [ '1.32.0' ],
15 silly audit   'lightningcss-darwin-arm64': [ '1.32.0' ],
15 silly audit   'lightningcss-darwin-x64': [ '1.32.0' ],
15 silly audit   'lightningcss-freebsd-x64': [ '1.32.0' ],
15 silly audit   'lightningcss-linux-arm-gnueabihf': [ '1.32.0' ],
15 silly audit   'lightningcss-linux-arm64-gnu': [ '1.32.0' ],
15 silly audit   'lightningcss-linux-arm64-musl': [ '1.32.0' ],
15 silly audit   'lightningcss-linux-x64-gnu': [ '1.32.0' ],
15 silly audit   'lightningcss-linux-x64-musl': [ '1.32.0' ],
15 silly audit   'lightningcss-win32-arm64-msvc': [ '1.32.0' ],
15 silly audit   'lightningcss-win32-x64-msvc': [ '1.32.0' ],
15 silly audit   'lucide-react': [ '1.24.0' ],
15 silly audit   'maplibre-gl': [ '5.24.0' ],
15 silly audit   minimist: [ '1.2.8' ],
15 silly audit   'murmurhash-js': [ '1.0.0' ],
15 silly audit   nanoid: [ '3.3.16' ],
15 silly audit   picocolors: [ '1.1.1' ],
15 silly audit   picomatch: [ '4.0.5' ],
15 silly audit   postcss: [ '8.5.19' ],
15 silly audit   potpack: [ '2.1.0' ],
15 silly audit   'protocol-buffers-schema': [ '3.6.1' ],
15 silly audit   quickselect: [ '3.0.0' ],
15 silly audit   react: [ '19.2.7' ],
15 silly audit   'react-dom': [ '19.2.7' ],
15 silly audit   'react-is': [ '19.2.7' ],
15 silly audit   'react-redux': [ '9.3.0' ],
15 silly audit   recharts: [ '3.9.2' ],
15 silly audit   redux: [ '5.0.1' ],
15 silly audit   'redux-thunk': [ '3.1.0' ],
15 silly audit   reselect: [ '5.2.0' ],
15 silly audit   'resolve-protobuf-schema': [ '2.1.0' ],
15 silly audit   rolldown: [ '1.1.5' ],
15 silly audit   scheduler: [ '0.27.0' ],
15 silly audit   'source-map-js': [ '1.2.1' ],
15 silly audit   'tiny-invariant': [ '1.3.3' ],
15 silly audit   tinyglobby: [ '0.2.17' ],
15 silly audit   tinyqueue: [ '3.0.0' ],
15 silly audit   tslib: [ '2.8.1' ],
15 silly audit   'use-sync-external-store': [ '1.6.0' ],
15 silly audit   'victory-vendor': [ '37.3.6' ],
15 silly audit   vite: [ '8.1.4' ]
15 silly audit }
16 http fetch POST 200 https://registry.npmjs.org/-/npm/v1/security/advisories/bulk 618ms
17 silly audit report {}
18 verbose cwd C:\Users\aayus\OneDrive\Documents\Dispatch\frontend-react
19 verbose os Windows_NT 10.0.26200
20 verbose node v24.15.0
21 verbose npm  v11.12.1
22 verbose exit 0
23 info ok
